mode: set
backend/app/article/delivery/http/article.go:13.46,17.2 1 1
backend/app/article/delivery/http/article.go:19.44,28.2 4 0
backend/app/article/delivery/http/create.go:23.46,30.46 3 1
backend/app/article/delivery/http/create.go:41.2,44.49 2 1
backend/app/article/delivery/http/create.go:54.2,55.16 2 1
backend/app/article/delivery/http/create.go:61.2,62.16 2 1
backend/app/article/delivery/http/create.go:69.2,71.44 2 1
backend/app/article/delivery/http/create.go:30.46,38.3 3 1
backend/app/article/delivery/http/create.go:44.49,52.3 4 1
backend/app/article/delivery/http/create.go:55.16,59.3 1 1
backend/app/article/delivery/http/create.go:62.16,67.3 2 0
backend/app/article/delivery/http/index.go:25.45,31.16 3 1
backend/app/article/delivery/http/index.go:40.2,41.16 2 1
backend/app/article/delivery/http/index.go:49.2,50.16 2 1
backend/app/article/delivery/http/index.go:57.2,59.44 2 1
backend/app/article/delivery/http/index.go:31.16,37.3 3 0
backend/app/article/delivery/http/index.go:41.16,46.3 2 1
backend/app/article/delivery/http/index.go:50.16,55.3 2 0
backend/app/article/repository/redis/flush.go:9.34,11.16 2 1
backend/app/article/repository/redis/flush.go:20.2,20.12 1 1
backend/app/article/repository/redis/flush.go:11.16,18.3 3 0
backend/app/article/repository/redis/get.go:14.78,26.44 2 1
backend/app/article/repository/redis/get.go:33.2,34.16 2 1
backend/app/article/repository/redis/get.go:43.2,48.16 3 1
backend/app/article/repository/redis/get.go:56.2,56.22 1 1
backend/app/article/repository/redis/get.go:26.44,31.3 3 1
backend/app/article/repository/redis/get.go:34.16,39.3 3 0
backend/app/article/repository/redis/get.go:48.16,54.3 3 0
backend/app/article/repository/redis/set.go:13.84,16.16 2 1
backend/app/article/repository/redis/set.go:24.2,26.16 2 1
backend/app/article/repository/redis/set.go:31.2,31.12 1 1
backend/app/article/repository/redis/set.go:16.16,20.3 2 0
backend/app/article/repository/redis/set.go:26.16,29.3 2 0
backend/app/article/repository/redis/article.go:13.45,17.2 1 1
backend/app/article/repository/postgres/count.go:11.74,18.16 3 1
backend/app/article/repository/postgres/count.go:24.2,24.19 1 1
backend/app/article/repository/postgres/count.go:18.16,22.3 3 1
backend/app/article/repository/postgres/find_all.go:11.87,18.16 3 1
backend/app/article/repository/postgres/find_all.go:25.2,25.21 1 1
backend/app/article/repository/postgres/find_all.go:18.16,23.3 3 1
backend/app/article/repository/postgres/insert.go:10.70,12.15 2 1
backend/app/article/repository/postgres/insert.go:15.2,16.16 2 1
backend/app/article/repository/postgres/insert.go:20.2,20.12 1 1
backend/app/article/repository/postgres/insert.go:12.15,14.3 1 1
backend/app/article/repository/postgres/insert.go:16.16,19.3 2 1
backend/app/article/repository/postgres/article.go:13.42,17.2 1 1
backend/app/article/usecase/article.go:14.19,19.2 1 1
backend/app/article/usecase/create.go:13.75,17.16 3 1
backend/app/article/usecase/create.go:26.2,27.16 2 1
backend/app/article/usecase/create.go:37.2,39.22 2 1
backend/app/article/usecase/create.go:17.16,24.3 3 0
backend/app/article/usecase/create.go:27.16,34.3 4 1
backend/app/article/usecase/index.go:13.82,22.22 2 1
backend/app/article/usecase/index.go:27.2,34.16 3 1
backend/app/article/usecase/index.go:42.2,43.16 2 1
backend/app/article/usecase/index.go:52.2,63.23 4 0
backend/app/article/usecase/index.go:22.22,24.3 1 1
backend/app/article/usecase/index.go:34.16,40.3 3 1
backend/app/article/usecase/index.go:43.16,50.3 3 1
